<?xml version="1.0" encoding="UTF-8"?>
<testsuite xmlns:xsi="http://www.w3.org/2001/XMLSchema-instance" xsi:noNamespaceSchemaLocation="https://maven.apache.org/surefire/maven-surefire-plugin/xsd/surefire-test-report-3.0.xsd" version="3.0" name="com.fresco.ecommerce.ECommerceApplicationTests" time="7.704" tests="15" errors="0" skipped="0" failures="0">
  <properties>
[...]
</properties>
  <testcase name="dbCategoryDefauttData" classname="com.fresco.ecommerce.ECommerceApplicationTests" time="1.005">
    <system-out><![CDATA[18:49:56.776 [main] INFO org.springframework.test.context.support.AnnotationConfigContextLoaderUtils -- Could not detect default configuration classes for test class [com.fresco.ecommerce.ECommerceApplicationTests]: ECommerceApplicationTests does not declare any static, non-private, non-final, nested classes annotated with @Configuration.
18:49:56.913 [main] INFO org.springframework.boot.test.context.SpringBootTestContextBootstrapper -- Found @SpringBootConfiguration com.fresco.ecommerce.ECommerceApplication for test class com.fresco.ecommerce.ECommerceApplicationTests
18:49:57.165 [main] INFO org.springframework.boot.devtools.restart.RestartApplicationListener -- Restart disabled due to context in which it is running

  .   ____          _            __ _ _
 /\\ / ___'_ __ _ _(_)_ __  __ _ \ \ \ \
( ( )\___ | '_ | '_| | '_ \/ _` | \ \ \ \
 \\/  ___)| |_)| | | | | || (_| |  ) ) ) )
  '  |____| .__|_| |_|_| |_\__, | / / / /
 =========|_|==============|___/=/_/_/_/
 :: Spring Boot ::                (v3.2.3)

2024-03-31T18:49:57.551+05:30  INFO 14564 --- [           main] c.f.ecommerce.ECommerceApplicationTests  : Starting ECommerceApplicationTests using Java 17.0.10 with PID 14564 (started by Kanna Naveen in C:\Workspaces\Eclipse\web projects\ecommerce)
2024-03-31T18:49:57.556+05:30  INFO 14564 --- [           main] c.f.ecommerce.ECommerceApplicationTests  : No active profile set, falling back to 1 default profile: "default"
2024-03-31T18:49:58.523+05:30  INFO 14564 --- [           main] .s.d.r.c.RepositoryConfigurationDelegate : Bootstrapping Spring Data JPA repositories in DEFAULT mode.
2024-03-31T18:49:58.638+05:30  INFO 14564 --- [           main] .s.d.r.c.RepositoryConfigurationDelegate : Finished Spring Data repository scanning in 91 ms. Found 6 JPA repository interfaces.
2024-03-31T18:49:59.243+05:30  INFO 14564 --- [           main] com.zaxxer.hikari.HikariDataSource       : HikariPool-1 - Starting...
2024-03-31T18:49:59.473+05:30  INFO 14564 --- [           main] com.zaxxer.hikari.pool.HikariPool        : HikariPool-1 - Added connection conn0: url=jdbc:h2:mem:testdb user=SA
2024-03-31T18:49:59.475+05:30  INFO 14564 --- [           main] com.zaxxer.hikari.HikariDataSource       : HikariPool-1 - Start completed.
2024-03-31T18:49:59.568+05:30  INFO 14564 --- [           main] o.hibernate.jpa.internal.util.LogHelper  : HHH000204: Processing PersistenceUnitInfo [name: default]
2024-03-31T18:49:59.675+05:30  INFO 14564 --- [           main] org.hibernate.Version                    : HHH000412: Hibernate ORM core version 6.4.4.Final
2024-03-31T18:49:59.725+05:30  INFO 14564 --- [           main] o.h.c.internal.RegionFactoryInitiator    : HHH000026: Second-level cache disabled
2024-03-31T18:50:00.124+05:30  INFO 14564 --- [           main] o.s.o.j.p.SpringPersistenceUnitInfo      : No LoadTimeWeaver setup: ignoring JPA class transformer
2024-03-31T18:50:01.490+05:30  INFO 14564 --- [           main] o.h.e.t.j.p.i.JtaPlatformInitiator       : HHH000489: No JTA platform available (set 'hibernate.transaction.jta.platform' to enable JTA platform integration)
Hibernate: drop table if exists cart cascade 
Hibernate: drop table if exists cart_product cascade 
Hibernate: drop table if exists category cascade 
Hibernate: drop table if exists client cascade 
Hibernate: drop table if exists product cascade 
Hibernate: drop table if exists role cascade 
Hibernate: drop table if exists user_roles cascade 
Hibernate: drop sequence if exists cart_product_seq
Hibernate: drop sequence if exists cart_seq
Hibernate: drop sequence if exists category_seq
Hibernate: drop sequence if exists client_seq
Hibernate: drop sequence if exists product_seq
Hibernate: drop sequence if exists role_seq
Hibernate: create sequence cart_product_seq start with 1 increment by 50
Hibernate: create sequence cart_seq start with 1 increment by 50
Hibernate: create sequence category_seq start with 1 increment by 50
Hibernate: create sequence client_seq start with 1 increment by 50
Hibernate: create sequence product_seq start with 1 increment by 50
Hibernate: create sequence role_seq start with 1 increment by 50
Hibernate: create table cart (cart_id integer not null, total_amount float(53), user_id integer unique, primary key (cart_id))
Hibernate: create table cart_product (cart_id integer, cp_id integer not null, product_id integer unique, quantity integer, primary key (cp_id))
Hibernate: create table category (category_id integer not null, category_name varchar(255), primary key (category_id))
Hibernate: create table client (user_id integer not null, password varchar(255), username varchar(255), primary key (user_id))
Hibernate: create table product (category_id integer, price float(53), product_id integer not null, seller_id integer, product_name varchar(255), primary key (product_id))
Hibernate: create table role (role_id integer not null, role varchar(255), primary key (role_id))
Hibernate: create table user_roles (role_id integer not null, user_id integer not null, primary key (role_id, user_id))
Hibernate: alter table if exists cart add constraint FKo36o30ea6f2y0n433cru5ip4v foreign key (user_id) references client
Hibernate: alter table if exists cart_product add constraint FKlv5x4iresnv4xspvomrwd8ej9 foreign key (cart_id) references cart
Hibernate: alter table if exists cart_product add constraint FK2kdlr8hs2bwl14u8oop49vrxi foreign key (product_id) references product
Hibernate: alter table if exists product add constraint FK1mtsbur82frn64de7balymq9s foreign key (category_id) references category
Hibernate: alter table if exists product add constraint FKf7ya3vifwcwi0866kti9w3a1v foreign key (seller_id) references client
Hibernate: alter table if exists user_roles add constraint FKrhfovtciq1l558cw6udg0h0d3 foreign key (role_id) references role
Hibernate: alter table if exists user_roles add constraint FKs2g5i4d6eotfcwvibs3gaji7p foreign key (user_id) references client
2024-03-31T18:50:01.577+05:30  INFO 14564 --- [           main] j.LocalContainerEntityManagerFactoryBean : Initialized JPA EntityManagerFactory for persistence unit 'default'
2024-03-31T18:50:01.810+05:30  WARN 14564 --- [           main] JpaBaseConfiguration$JpaWebConfiguration : spring.jpa.open-in-view is enabled by default. Therefore, database queries may be performed during view rendering. Explicitly configure spring.jpa.open-in-view to disable this warning
2024-03-31T18:50:02.832+05:30  INFO 14564 --- [           main] c.f.ecommerce.ECommerceApplicationTests  : Started ECommerceApplicationTests in 5.682 seconds (process running for 7.011)
order 1
Hibernate: select c1_0.category_id,c1_0.category_name from category c1_0
Hibernate: select p1_0.category_id,p1_0.product_id,p1_0.price,p1_0.product_name,s1_0.user_id,s1_0.password,s1_0.username from product p1_0 left join client s1_0 on s1_0.user_id=p1_0.seller_id where p1_0.category_id=?
Hibernate: select c1_0.cart_id,c1_0.total_amount,u1_0.user_id,u1_0.password,r1_0.user_id,r1_1.role_id,r1_1.role,u1_0.username from cart c1_0 left join client u1_0 on u1_0.user_id=c1_0.user_id left join user_roles r1_0 on u1_0.user_id=r1_0.user_id left join role r1_1 on r1_1.role_id=r1_0.role_id where c1_0.user_id=?
Hibernate: select r1_0.user_id,r1_1.role_id,r1_1.role from user_roles r1_0 join role r1_1 on r1_1.role_id=r1_0.role_id where r1_0.user_id=?
Hibernate: select p1_0.category_id,p1_0.product_id,p1_0.price,p1_0.product_name,s1_0.user_id,s1_0.password,s1_0.username from product p1_0 left join client s1_0 on s1_0.user_id=p1_0.seller_id where p1_0.category_id=?
Hibernate: select p1_0.category_id,p1_0.product_id,p1_0.price,p1_0.product_name,s1_0.user_id,s1_0.password,s1_0.username from product p1_0 left join client s1_0 on s1_0.user_id=p1_0.seller_id where p1_0.category_id=?
Hibernate: select p1_0.category_id,p1_0.product_id,p1_0.price,p1_0.product_name,s1_0.user_id,s1_0.password,s1_0.username from product p1_0 left join client s1_0 on s1_0.user_id=p1_0.seller_id where p1_0.category_id=?
Hibernate: select c1_0.cart_id,c1_0.total_amount,u1_0.user_id,u1_0.password,r1_0.user_id,r1_1.role_id,r1_1.role,u1_0.username from cart c1_0 left join client u1_0 on u1_0.user_id=c1_0.user_id left join user_roles r1_0 on u1_0.user_id=r1_0.user_id left join role r1_1 on r1_1.role_id=r1_0.role_id where c1_0.user_id=?
Hibernate: select r1_0.user_id,r1_1.role_id,r1_1.role from user_roles r1_0 join role r1_1 on r1_1.role_id=r1_0.role_id where r1_0.user_id=?
Hibernate: select p1_0.category_id,p1_0.product_id,p1_0.price,p1_0.product_name,s1_0.user_id,s1_0.password,s1_0.username from product p1_0 left join client s1_0 on s1_0.user_id=p1_0.seller_id where p1_0.category_id=?
]]></system-out>
  </testcase>
  <testcase name="dbUserDefaultData" classname="com.fresco.ecommerce.ECommerceApplicationTests" time="0.027">
    <system-out><![CDATA[order 2
Hibernate: select u1_0.user_id,u1_0.password,u1_0.username from client u1_0
Hibernate: select c1_0.cart_id,c1_0.total_amount,u1_0.user_id,u1_0.password,r1_0.user_id,r1_1.role_id,r1_1.role,u1_0.username from cart c1_0 left join client u1_0 on u1_0.user_id=c1_0.user_id left join user_roles r1_0 on u1_0.user_id=r1_0.user_id left join role r1_1 on r1_1.role_id=r1_0.role_id where c1_0.user_id=?
Hibernate: select c1_0.cart_id,c1_0.total_amount,u1_0.user_id,u1_0.password,r1_0.user_id,r1_1.role_id,r1_1.role,u1_0.username from cart c1_0 left join client u1_0 on u1_0.user_id=c1_0.user_id left join user_roles r1_0 on u1_0.user_id=r1_0.user_id left join role r1_1 on r1_1.role_id=r1_0.role_id where c1_0.user_id=?
Hibernate: select c1_0.cart_id,c1_0.total_amount,u1_0.user_id,u1_0.password,r1_0.user_id,r1_1.role_id,r1_1.role,u1_0.username from cart c1_0 left join client u1_0 on u1_0.user_id=c1_0.user_id left join user_roles r1_0 on u1_0.user_id=r1_0.user_id left join role r1_1 on r1_1.role_id=r1_0.role_id where c1_0.user_id=?
Hibernate: select c1_0.cart_id,c1_0.total_amount,u1_0.user_id,u1_0.password,r1_0.user_id,r1_1.role_id,r1_1.role,u1_0.username from cart c1_0 left join client u1_0 on u1_0.user_id=c1_0.user_id left join user_roles r1_0 on u1_0.user_id=r1_0.user_id left join role r1_1 on r1_1.role_id=r1_0.role_id where c1_0.user_id=?
Hibernate: select r1_0.user_id,r1_1.role_id,r1_1.role from user_roles r1_0 join role r1_1 on r1_1.role_id=r1_0.role_id where r1_0.user_id=?
Hibernate: select r1_0.user_id,r1_1.role_id,r1_1.role from user_roles r1_0 join role r1_1 on r1_1.role_id=r1_0.role_id where r1_0.user_id=?
Hibernate: select cp1_0.cart_id,cp1_0.cp_id,p1_0.product_id,c2_0.category_id,c2_0.category_name,p1_0.price,p1_0.product_name,s1_0.user_id,s1_0.password,s1_0.username,cp1_0.quantity from cart_product cp1_0 left join product p1_0 on p1_0.product_id=cp1_0.product_id left join category c2_0 on c2_0.category_id=p1_0.category_id left join client s1_0 on s1_0.user_id=p1_0.seller_id where cp1_0.cart_id=?
Hibernate: select cp1_0.cart_id,cp1_0.cp_id,p1_0.product_id,c2_0.category_id,c2_0.category_name,p1_0.price,p1_0.product_name,s1_0.user_id,s1_0.password,s1_0.username,cp1_0.quantity from cart_product cp1_0 left join product p1_0 on p1_0.product_id=cp1_0.product_id left join category c2_0 on c2_0.category_id=p1_0.category_id left join client s1_0 on s1_0.user_id=p1_0.seller_id where cp1_0.cart_id=?
Hibernate: select p1_0.category_id,p1_0.product_id,p1_0.price,p1_0.product_name,s1_0.user_id,s1_0.password,s1_0.username from product p1_0 left join client s1_0 on s1_0.user_id=p1_0.seller_id where p1_0.category_id=?
]]></system-out>
  </testcase>
  <testcase name="dbProductDefaultData" classname="com.fresco.ecommerce.ECommerceApplicationTests" time="0.024">
    <system-out><![CDATA[order 3
Hibernate: select p1_0.product_id,p1_0.category_id,p1_0.price,p1_0.product_name,p1_0.seller_id from product p1_0
Hibernate: select c1_0.category_id,c1_0.category_name,p1_0.category_id,p1_0.product_id,p1_0.price,p1_0.product_name,s1_0.user_id,s1_0.password,s1_0.username from category c1_0 left join product p1_0 on c1_0.category_id=p1_0.category_id left join client s1_0 on s1_0.user_id=p1_0.seller_id where c1_0.category_id=?
Hibernate: select c1_0.cart_id,c1_0.total_amount,u1_0.user_id,u1_0.password,r1_0.user_id,r1_1.role_id,r1_1.role,u1_0.username from cart c1_0 left join client u1_0 on u1_0.user_id=c1_0.user_id left join user_roles r1_0 on u1_0.user_id=r1_0.user_id left join role r1_1 on r1_1.role_id=r1_0.role_id where c1_0.user_id=?
Hibernate: select c1_0.category_id,c1_0.category_name,p1_0.category_id,p1_0.product_id,p1_0.price,p1_0.product_name,s1_0.user_id,s1_0.password,s1_0.username from category c1_0 left join product p1_0 on c1_0.category_id=p1_0.category_id left join client s1_0 on s1_0.user_id=p1_0.seller_id where c1_0.category_id=?
Hibernate: select c1_0.cart_id,c1_0.total_amount,u1_0.user_id,u1_0.password,r1_0.user_id,r1_1.role_id,r1_1.role,u1_0.username from cart c1_0 left join client u1_0 on u1_0.user_id=c1_0.user_id left join user_roles r1_0 on u1_0.user_id=r1_0.user_id left join role r1_1 on r1_1.role_id=r1_0.role_id where c1_0.user_id=?
Hibernate: select r1_0.user_id,r1_1.role_id,r1_1.role from user_roles r1_0 join role r1_1 on r1_1.role_id=r1_0.role_id where r1_0.user_id=?
Hibernate: select r1_0.user_id,r1_1.role_id,r1_1.role from user_roles r1_0 join role r1_1 on r1_1.role_id=r1_0.role_id where r1_0.user_id=?
]]></system-out>
  </testcase>
  <testcase name="dbCartDefaultData" classname="com.fresco.ecommerce.ECommerceApplicationTests" time="0.016">
    <system-out><![CDATA[order 4
Hibernate: select c1_0.cart_id,c1_0.total_amount,c1_0.user_id from cart c1_0
Hibernate: select u1_0.user_id,u1_0.password,r1_0.user_id,r1_1.role_id,r1_1.role,u1_0.username from client u1_0 left join user_roles r1_0 on u1_0.user_id=r1_0.user_id left join role r1_1 on r1_1.role_id=r1_0.role_id where u1_0.user_id=?
Hibernate: select c1_0.cart_id,c1_0.total_amount,u1_0.user_id,u1_0.password,r1_0.user_id,r1_1.role_id,r1_1.role,u1_0.username from cart c1_0 left join client u1_0 on u1_0.user_id=c1_0.user_id left join user_roles r1_0 on u1_0.user_id=r1_0.user_id left join role r1_1 on r1_1.role_id=r1_0.role_id where c1_0.user_id=?
Hibernate: select u1_0.user_id,u1_0.password,r1_0.user_id,r1_1.role_id,r1_1.role,u1_0.username from client u1_0 left join user_roles r1_0 on u1_0.user_id=r1_0.user_id left join role r1_1 on r1_1.role_id=r1_0.role_id where u1_0.user_id=?
Hibernate: select c1_0.cart_id,c1_0.total_amount,u1_0.user_id,u1_0.password,r1_0.user_id,r1_1.role_id,r1_1.role,u1_0.username from cart c1_0 left join client u1_0 on u1_0.user_id=c1_0.user_id left join user_roles r1_0 on u1_0.user_id=r1_0.user_id left join role r1_1 on r1_1.role_id=r1_0.role_id where c1_0.user_id=?
Hibernate: select cp1_0.cart_id,cp1_0.cp_id,p1_0.product_id,c2_0.category_id,c2_0.category_name,p1_0.price,p1_0.product_name,s1_0.user_id,s1_0.password,s1_0.username,cp1_0.quantity from cart_product cp1_0 left join product p1_0 on p1_0.product_id=cp1_0.product_id left join category c2_0 on c2_0.category_id=p1_0.category_id left join client s1_0 on s1_0.user_id=p1_0.seller_id where cp1_0.cart_id=?
Hibernate: select cp1_0.cart_id,cp1_0.cp_id,p1_0.product_id,c2_0.category_id,c2_0.category_name,p1_0.price,p1_0.product_name,s1_0.user_id,s1_0.password,s1_0.username,cp1_0.quantity from cart_product cp1_0 left join product p1_0 on p1_0.product_id=cp1_0.product_id left join category c2_0 on c2_0.category_id=p1_0.category_id left join client s1_0 on s1_0.user_id=p1_0.seller_id where cp1_0.cart_id=?
Hibernate: select c1_0.cart_id,c1_0.total_amount,u1_0.user_id,u1_0.password,r1_0.user_id,r1_1.role_id,r1_1.role,u1_0.username from cart c1_0 left join client u1_0 on u1_0.user_id=c1_0.user_id left join user_roles r1_0 on u1_0.user_id=r1_0.user_id left join role r1_1 on r1_1.role_id=r1_0.role_id where c1_0.user_id=?
Hibernate: select r1_0.user_id,r1_1.role_id,r1_1.role from user_roles r1_0 join role r1_1 on r1_1.role_id=r1_0.role_id where r1_0.user_id=?
Hibernate: select p1_0.category_id,p1_0.product_id,p1_0.price,p1_0.product_name,s1_0.user_id,s1_0.password,s1_0.username from product p1_0 left join client s1_0 on s1_0.user_id=p1_0.seller_id where p1_0.category_id=?
]]></system-out>
  </testcase>
  <testcase name="updateUser" classname="com.fresco.ecommerce.ECommerceApplicationTests" time="0.08">
    <system-out><![CDATA[order 5
Hibernate: select u1_0.user_id,u1_0.password,r1_0.user_id,r1_1.role_id,r1_1.role,u1_0.username from client u1_0 left join user_roles r1_0 on u1_0.user_id=r1_0.user_id left join role r1_1 on r1_1.role_id=r1_0.role_id where u1_0.user_id=?
Hibernate: select c1_0.cart_id,c1_0.total_amount,u1_0.user_id,u1_0.password,r1_0.user_id,r1_1.role_id,r1_1.role,u1_0.username from cart c1_0 left join client u1_0 on u1_0.user_id=c1_0.user_id left join user_roles r1_0 on u1_0.user_id=r1_0.user_id left join role r1_1 on r1_1.role_id=r1_0.role_id where c1_0.user_id=?
Hibernate: select cp1_0.cart_id,cp1_0.cp_id,p1_0.product_id,c2_0.category_id,c2_0.category_name,p1_0.price,p1_0.product_name,s1_0.user_id,s1_0.password,s1_0.username,cp1_0.quantity from cart_product cp1_0 left join product p1_0 on p1_0.product_id=cp1_0.product_id left join category c2_0 on c2_0.category_id=p1_0.category_id left join client s1_0 on s1_0.user_id=p1_0.seller_id where cp1_0.cart_id=?
Hibernate: select c1_0.cart_id,c1_0.total_amount,u1_0.user_id,u1_0.password,r1_0.user_id,r1_1.role_id,r1_1.role,u1_0.username from cart c1_0 left join client u1_0 on u1_0.user_id=c1_0.user_id left join user_roles r1_0 on u1_0.user_id=r1_0.user_id left join role r1_1 on r1_1.role_id=r1_0.role_id where c1_0.user_id=?
Hibernate: select r1_0.user_id,r1_1.role_id,r1_1.role from user_roles r1_0 join role r1_1 on r1_1.role_id=r1_0.role_id where r1_0.user_id=?
Hibernate: select p1_0.category_id,p1_0.product_id,p1_0.price,p1_0.product_name,s1_0.user_id,s1_0.password,s1_0.username from product p1_0 left join client s1_0 on s1_0.user_id=p1_0.seller_id where p1_0.category_id=?
Hibernate: select u1_0.user_id,u1_0.password,r1_0.user_id,r1_1.role_id,r1_1.role,u1_0.username from client u1_0 left join user_roles r1_0 on u1_0.user_id=r1_0.user_id left join role r1_1 on r1_1.role_id=r1_0.role_id where u1_0.user_id=?
Hibernate: select c1_0.cart_id,c1_0.total_amount,u1_0.user_id,u1_0.password,r1_0.user_id,r1_1.role_id,r1_1.role,u1_0.username from cart c1_0 left join client u1_0 on u1_0.user_id=c1_0.user_id left join user_roles r1_0 on u1_0.user_id=r1_0.user_id left join role r1_1 on r1_1.role_id=r1_0.role_id where c1_0.user_id=?
Hibernate: select cp1_0.cart_id,cp1_0.cp_id,p1_0.product_id,c2_0.category_id,c2_0.category_name,p1_0.price,p1_0.product_name,s1_0.user_id,s1_0.password,s1_0.username,cp1_0.quantity from cart_product cp1_0 left join product p1_0 on p1_0.product_id=cp1_0.product_id left join category c2_0 on c2_0.category_id=p1_0.category_id left join client s1_0 on s1_0.user_id=p1_0.seller_id where cp1_0.cart_id=?
Hibernate: select c1_0.cart_id,c1_0.total_amount,u1_0.user_id,u1_0.password,r1_0.user_id,r1_1.role_id,r1_1.role,u1_0.username from cart c1_0 left join client u1_0 on u1_0.user_id=c1_0.user_id left join user_roles r1_0 on u1_0.user_id=r1_0.user_id left join role r1_1 on r1_1.role_id=r1_0.role_id where c1_0.user_id=?
Hibernate: select r1_0.user_id,r1_1.role_id,r1_1.role from user_roles r1_0 join role r1_1 on r1_1.role_id=r1_0.role_id where r1_0.user_id=?
Hibernate: select p1_0.category_id,p1_0.product_id,p1_0.price,p1_0.product_name,s1_0.user_id,s1_0.password,s1_0.username from product p1_0 left join client s1_0 on s1_0.user_id=p1_0.seller_id where p1_0.category_id=?
Hibernate: update client set password=?,username=? where user_id=?
Hibernate: select u1_0.user_id,u1_0.password,r1_0.user_id,r1_1.role_id,r1_1.role,u1_0.username from client u1_0 left join user_roles r1_0 on u1_0.user_id=r1_0.user_id left join role r1_1 on r1_1.role_id=r1_0.role_id where u1_0.user_id=?
Hibernate: select c1_0.cart_id,c1_0.total_amount,u1_0.user_id,u1_0.password,r1_0.user_id,r1_1.role_id,r1_1.role,u1_0.username from cart c1_0 left join client u1_0 on u1_0.user_id=c1_0.user_id left join user_roles r1_0 on u1_0.user_id=r1_0.user_id left join role r1_1 on r1_1.role_id=r1_0.role_id where c1_0.user_id=?
Hibernate: select u1_0.user_id,u1_0.password,r1_0.user_id,r1_1.role_id,r1_1.role,u1_0.username from client u1_0 left join user_roles r1_0 on u1_0.user_id=r1_0.user_id left join role r1_1 on r1_1.role_id=r1_0.role_id where u1_0.user_id=?
Hibernate: select c1_0.cart_id,c1_0.total_amount,u1_0.user_id,u1_0.password,r1_0.user_id,r1_1.role_id,r1_1.role,u1_0.username from cart c1_0 left join client u1_0 on u1_0.user_id=c1_0.user_id left join user_roles r1_0 on u1_0.user_id=r1_0.user_id left join role r1_1 on r1_1.role_id=r1_0.role_id where c1_0.user_id=?
Hibernate: update client set password=?,username=? where user_id=?
]]></system-out>
  </testcase>
  <testcase name="checkUpdatedUsers" classname="com.fresco.ecommerce.ECommerceApplicationTests" time="0.017">
    <system-out><![CDATA[order 6
Hibernate: select u1_0.user_id,u1_0.password,u1_0.username from client u1_0
Hibernate: select c1_0.cart_id,c1_0.total_amount,u1_0.user_id,u1_0.password,r1_0.user_id,r1_1.role_id,r1_1.role,u1_0.username from cart c1_0 left join client u1_0 on u1_0.user_id=c1_0.user_id left join user_roles r1_0 on u1_0.user_id=r1_0.user_id left join role r1_1 on r1_1.role_id=r1_0.role_id where c1_0.user_id=?
Hibernate: select c1_0.cart_id,c1_0.total_amount,u1_0.user_id,u1_0.password,r1_0.user_id,r1_1.role_id,r1_1.role,u1_0.username from cart c1_0 left join client u1_0 on u1_0.user_id=c1_0.user_id left join user_roles r1_0 on u1_0.user_id=r1_0.user_id left join role r1_1 on r1_1.role_id=r1_0.role_id where c1_0.user_id=?
Hibernate: select c1_0.cart_id,c1_0.total_amount,u1_0.user_id,u1_0.password,r1_0.user_id,r1_1.role_id,r1_1.role,u1_0.username from cart c1_0 left join client u1_0 on u1_0.user_id=c1_0.user_id left join user_roles r1_0 on u1_0.user_id=r1_0.user_id left join role r1_1 on r1_1.role_id=r1_0.role_id where c1_0.user_id=?
Hibernate: select c1_0.cart_id,c1_0.total_amount,u1_0.user_id,u1_0.password,r1_0.user_id,r1_1.role_id,r1_1.role,u1_0.username from cart c1_0 left join client u1_0 on u1_0.user_id=c1_0.user_id left join user_roles r1_0 on u1_0.user_id=r1_0.user_id left join role r1_1 on r1_1.role_id=r1_0.role_id where c1_0.user_id=?
Hibernate: select r1_0.user_id,r1_1.role_id,r1_1.role from user_roles r1_0 join role r1_1 on r1_1.role_id=r1_0.role_id where r1_0.user_id=?
Hibernate: select r1_0.user_id,r1_1.role_id,r1_1.role from user_roles r1_0 join role r1_1 on r1_1.role_id=r1_0.role_id where r1_0.user_id=?
Hibernate: select cp1_0.cart_id,cp1_0.cp_id,p1_0.product_id,c2_0.category_id,c2_0.category_name,p1_0.price,p1_0.product_name,s1_0.user_id,s1_0.password,s1_0.username,cp1_0.quantity from cart_product cp1_0 left join product p1_0 on p1_0.product_id=cp1_0.product_id left join category c2_0 on c2_0.category_id=p1_0.category_id left join client s1_0 on s1_0.user_id=p1_0.seller_id where cp1_0.cart_id=?
Hibernate: select cp1_0.cart_id,cp1_0.cp_id,p1_0.product_id,c2_0.category_id,c2_0.category_name,p1_0.price,p1_0.product_name,s1_0.user_id,s1_0.password,s1_0.username,cp1_0.quantity from cart_product cp1_0 left join product p1_0 on p1_0.product_id=cp1_0.product_id left join category c2_0 on c2_0.category_id=p1_0.category_id left join client s1_0 on s1_0.user_id=p1_0.seller_id where cp1_0.cart_id=?
Hibernate: select p1_0.category_id,p1_0.product_id,p1_0.price,p1_0.product_name,s1_0.user_id,s1_0.password,s1_0.username from product p1_0 left join client s1_0 on s1_0.user_id=p1_0.seller_id where p1_0.category_id=?
]]></system-out>
  </testcase>
  <testcase name="updateProduct" classname="com.fresco.ecommerce.ECommerceApplicationTests" time="0.021">
    <system-out><![CDATA[order 7
Hibernate: select p1_0.product_id,c1_0.category_id,c1_0.category_name,p1_0.price,p1_0.product_name,s1_0.user_id,s1_0.password,r1_0.user_id,r1_1.role_id,r1_1.role,s1_0.username from product p1_0 left join category c1_0 on c1_0.category_id=p1_0.category_id left join client s1_0 on s1_0.user_id=p1_0.seller_id left join user_roles r1_0 on s1_0.user_id=r1_0.user_id left join role r1_1 on r1_1.role_id=r1_0.role_id where p1_0.product_id=?
Hibernate: select c1_0.cart_id,c1_0.total_amount,u1_0.user_id,u1_0.password,r1_0.user_id,r1_1.role_id,r1_1.role,u1_0.username from cart c1_0 left join client u1_0 on u1_0.user_id=c1_0.user_id left join user_roles r1_0 on u1_0.user_id=r1_0.user_id left join role r1_1 on r1_1.role_id=r1_0.role_id where c1_0.user_id=?
Hibernate: select p1_0.category_id,p1_0.product_id,p1_0.price,p1_0.product_name,s1_0.user_id,s1_0.password,s1_0.username from product p1_0 left join client s1_0 on s1_0.user_id=p1_0.seller_id where p1_0.category_id=?
Hibernate: select p1_0.product_id,c1_0.category_id,c1_0.category_name,p1_0.price,p1_0.product_name,s1_0.user_id,s1_0.password,r1_0.user_id,r1_1.role_id,r1_1.role,s1_0.username from product p1_0 left join category c1_0 on c1_0.category_id=p1_0.category_id left join client s1_0 on s1_0.user_id=p1_0.seller_id left join user_roles r1_0 on s1_0.user_id=r1_0.user_id left join role r1_1 on r1_1.role_id=r1_0.role_id where p1_0.product_id=?
Hibernate: select c1_0.cart_id,c1_0.total_amount,u1_0.user_id,u1_0.password,r1_0.user_id,r1_1.role_id,r1_1.role,u1_0.username from cart c1_0 left join client u1_0 on u1_0.user_id=c1_0.user_id left join user_roles r1_0 on u1_0.user_id=r1_0.user_id left join role r1_1 on r1_1.role_id=r1_0.role_id where c1_0.user_id=?
Hibernate: select p1_0.category_id,p1_0.product_id,p1_0.price,p1_0.product_name,s1_0.user_id,s1_0.password,s1_0.username from product p1_0 left join client s1_0 on s1_0.user_id=p1_0.seller_id where p1_0.category_id=?
Hibernate: update product set category_id=?,price=?,product_name=?,seller_id=? where product_id=?
]]></system-out>
  </testcase>
  <testcase name="checkUpdatedProducts" classname="com.fresco.ecommerce.ECommerceApplicationTests" time="0.019">
    <system-out><![CDATA[order 8
Hibernate: select p1_0.product_id,p1_0.category_id,p1_0.price,p1_0.product_name,p1_0.seller_id from product p1_0
Hibernate: select c1_0.category_id,c1_0.category_name,p1_0.category_id,p1_0.product_id,p1_0.price,p1_0.product_name,s1_0.user_id,s1_0.password,s1_0.username from category c1_0 left join product p1_0 on c1_0.category_id=p1_0.category_id left join client s1_0 on s1_0.user_id=p1_0.seller_id where c1_0.category_id=?
Hibernate: select c1_0.cart_id,c1_0.total_amount,u1_0.user_id,u1_0.password,r1_0.user_id,r1_1.role_id,r1_1.role,u1_0.username from cart c1_0 left join client u1_0 on u1_0.user_id=c1_0.user_id left join user_roles r1_0 on u1_0.user_id=r1_0.user_id left join role r1_1 on r1_1.role_id=r1_0.role_id where c1_0.user_id=?
Hibernate: select c1_0.category_id,c1_0.category_name,p1_0.category_id,p1_0.product_id,p1_0.price,p1_0.product_name,s1_0.user_id,s1_0.password,s1_0.username from category c1_0 left join product p1_0 on c1_0.category_id=p1_0.category_id left join client s1_0 on s1_0.user_id=p1_0.seller_id where c1_0.category_id=?
Hibernate: select c1_0.cart_id,c1_0.total_amount,u1_0.user_id,u1_0.password,r1_0.user_id,r1_1.role_id,r1_1.role,u1_0.username from cart c1_0 left join client u1_0 on u1_0.user_id=c1_0.user_id left join user_roles r1_0 on u1_0.user_id=r1_0.user_id left join role r1_1 on r1_1.role_id=r1_0.role_id where c1_0.user_id=?
Hibernate: select r1_0.user_id,r1_1.role_id,r1_1.role from user_roles r1_0 join role r1_1 on r1_1.role_id=r1_0.role_id where r1_0.user_id=?
Hibernate: select r1_0.user_id,r1_1.role_id,r1_1.role from user_roles r1_0 join role r1_1 on r1_1.role_id=r1_0.role_id where r1_0.user_id=?
]]></system-out>
  </testcase>
  <testcase name="compareUserAndCartOwner" classname="com.fresco.ecommerce.ECommerceApplicationTests" time="0.022">
    <system-out><![CDATA[order 9
Hibernate: select c1_0.cart_id,c1_0.total_amount,u1_0.user_id,u1_0.password,r1_0.user_id,r1_1.role_id,r1_1.role,u1_0.username from cart c1_0 left join client u1_0 on u1_0.user_id=c1_0.user_id left join user_roles r1_0 on u1_0.user_id=r1_0.user_id left join role r1_1 on r1_1.role_id=r1_0.role_id where c1_0.cart_id=?
Hibernate: select cp1_0.cart_id,cp1_0.cp_id,p1_0.product_id,c2_0.category_id,c2_0.category_name,p1_0.price,p1_0.product_name,s1_0.user_id,s1_0.password,s1_0.username,cp1_0.quantity from cart_product cp1_0 left join product p1_0 on p1_0.product_id=cp1_0.product_id left join category c2_0 on c2_0.category_id=p1_0.category_id left join client s1_0 on s1_0.user_id=p1_0.seller_id where cp1_0.cart_id=?
Hibernate: select c1_0.cart_id,c1_0.total_amount,u1_0.user_id,u1_0.password,r1_0.user_id,r1_1.role_id,r1_1.role,u1_0.username from cart c1_0 left join client u1_0 on u1_0.user_id=c1_0.user_id left join user_roles r1_0 on u1_0.user_id=r1_0.user_id left join role r1_1 on r1_1.role_id=r1_0.role_id where c1_0.user_id=?
Hibernate: select r1_0.user_id,r1_1.role_id,r1_1.role from user_roles r1_0 join role r1_1 on r1_1.role_id=r1_0.role_id where r1_0.user_id=?
Hibernate: select p1_0.category_id,p1_0.product_id,p1_0.price,p1_0.product_name,s1_0.user_id,s1_0.password,s1_0.username from product p1_0 left join client s1_0 on s1_0.user_id=p1_0.seller_id where p1_0.category_id=?
Hibernate: select u1_0.user_id,u1_0.password,r1_0.user_id,r1_1.role_id,r1_1.role,u1_0.username from client u1_0 left join user_roles r1_0 on u1_0.user_id=r1_0.user_id left join role r1_1 on r1_1.role_id=r1_0.role_id where u1_0.user_id=?
Hibernate: select c1_0.cart_id,c1_0.total_amount,u1_0.user_id,u1_0.password,r1_0.user_id,r1_1.role_id,r1_1.role,u1_0.username from cart c1_0 left join client u1_0 on u1_0.user_id=c1_0.user_id left join user_roles r1_0 on u1_0.user_id=r1_0.user_id left join role r1_1 on r1_1.role_id=r1_0.role_id where c1_0.user_id=?
Hibernate: select cp1_0.cart_id,cp1_0.cp_id,p1_0.product_id,c2_0.category_id,c2_0.category_name,p1_0.price,p1_0.product_name,s1_0.user_id,s1_0.password,s1_0.username,cp1_0.quantity from cart_product cp1_0 left join product p1_0 on p1_0.product_id=cp1_0.product_id left join category c2_0 on c2_0.category_id=p1_0.category_id left join client s1_0 on s1_0.user_id=p1_0.seller_id where cp1_0.cart_id=?
Hibernate: select c1_0.cart_id,c1_0.total_amount,u1_0.user_id,u1_0.password,r1_0.user_id,r1_1.role_id,r1_1.role,u1_0.username from cart c1_0 left join client u1_0 on u1_0.user_id=c1_0.user_id left join user_roles r1_0 on u1_0.user_id=r1_0.user_id left join role r1_1 on r1_1.role_id=r1_0.role_id where c1_0.user_id=?
Hibernate: select r1_0.user_id,r1_1.role_id,r1_1.role from user_roles r1_0 join role r1_1 on r1_1.role_id=r1_0.role_id where r1_0.user_id=?
Hibernate: select p1_0.category_id,p1_0.product_id,p1_0.price,p1_0.product_name,s1_0.user_id,s1_0.password,s1_0.username from product p1_0 left join client s1_0 on s1_0.user_id=p1_0.seller_id where p1_0.category_id=?
]]></system-out>
  </testcase>
  <testcase name="removeProductFromcar" classname="com.fresco.ecommerce.ECommerceApplicationTests" time="0.051">
    <system-out><![CDATA[order 10
Hibernate: select c1_0.cart_id,c1_0.total_amount,u1_0.user_id,u1_0.password,r1_0.user_id,r1_1.role_id,r1_1.role,u1_0.username from cart c1_0 left join client u1_0 on u1_0.user_id=c1_0.user_id left join user_roles r1_0 on u1_0.user_id=r1_0.user_id left join role r1_1 on r1_1.role_id=r1_0.role_id where c1_0.cart_id=?
Hibernate: select cp1_0.cart_id,cp1_0.cp_id,p1_0.product_id,c2_0.category_id,c2_0.category_name,p1_0.price,p1_0.product_name,s1_0.user_id,s1_0.password,s1_0.username,cp1_0.quantity from cart_product cp1_0 left join product p1_0 on p1_0.product_id=cp1_0.product_id left join category c2_0 on c2_0.category_id=p1_0.category_id left join client s1_0 on s1_0.user_id=p1_0.seller_id where cp1_0.cart_id=?
Hibernate: select c1_0.cart_id,c1_0.total_amount,u1_0.user_id,u1_0.password,r1_0.user_id,r1_1.role_id,r1_1.role,u1_0.username from cart c1_0 left join client u1_0 on u1_0.user_id=c1_0.user_id left join user_roles r1_0 on u1_0.user_id=r1_0.user_id left join role r1_1 on r1_1.role_id=r1_0.role_id where c1_0.user_id=?
Hibernate: select r1_0.user_id,r1_1.role_id,r1_1.role from user_roles r1_0 join role r1_1 on r1_1.role_id=r1_0.role_id where r1_0.user_id=?
Hibernate: select p1_0.category_id,p1_0.product_id,p1_0.price,p1_0.product_name,s1_0.user_id,s1_0.password,s1_0.username from product p1_0 left join client s1_0 on s1_0.user_id=p1_0.seller_id where p1_0.category_id=?
Hibernate: select c1_0.cart_id,c1_0.total_amount,u1_0.user_id,u1_0.password,r1_0.user_id,r1_1.role_id,r1_1.role,u1_0.username from cart c1_0 left join client u1_0 on u1_0.user_id=c1_0.user_id left join user_roles r1_0 on u1_0.user_id=r1_0.user_id left join role r1_1 on r1_1.role_id=r1_0.role_id where c1_0.cart_id=?
Hibernate: select cp1_0.cart_id,cp1_0.cp_id,p1_0.product_id,c2_0.category_id,c2_0.category_name,p1_0.price,p1_0.product_name,s1_0.user_id,s1_0.password,s1_0.username,cp1_0.quantity from cart_product cp1_0 left join product p1_0 on p1_0.product_id=cp1_0.product_id left join category c2_0 on c2_0.category_id=p1_0.category_id left join client s1_0 on s1_0.user_id=p1_0.seller_id where cp1_0.cart_id=?
Hibernate: select c1_0.cart_id,c1_0.total_amount,u1_0.user_id,u1_0.password,r1_0.user_id,r1_1.role_id,r1_1.role,u1_0.username from cart c1_0 left join client u1_0 on u1_0.user_id=c1_0.user_id left join user_roles r1_0 on u1_0.user_id=r1_0.user_id left join role r1_1 on r1_1.role_id=r1_0.role_id where c1_0.user_id=?
Hibernate: select r1_0.user_id,r1_1.role_id,r1_1.role from user_roles r1_0 join role r1_1 on r1_1.role_id=r1_0.role_id where r1_0.user_id=?
Hibernate: select p1_0.category_id,p1_0.product_id,p1_0.price,p1_0.product_name,s1_0.user_id,s1_0.password,s1_0.username from product p1_0 left join client s1_0 on s1_0.user_id=p1_0.seller_id where p1_0.category_id=?
Hibernate: select cp1_0.cp_id,c1_0.cart_id,c1_0.total_amount,u1_0.user_id,u1_0.password,r1_0.user_id,r1_1.role_id,r1_1.role,u1_0.username,p1_0.product_id,c2_0.category_id,c2_0.category_name,p1_0.price,p1_0.product_name,s1_0.user_id,s1_0.password,r2_0.user_id,r2_1.role_id,r2_1.role,s1_0.username,cp1_0.quantity from cart_product cp1_0 left join cart c1_0 on c1_0.cart_id=cp1_0.cart_id left join client u1_0 on u1_0.user_id=c1_0.user_id left join user_roles r1_0 on u1_0.user_id=r1_0.user_id left join role r1_1 on r1_1.role_id=r1_0.role_id left join product p1_0 on p1_0.product_id=cp1_0.product_id left join category c2_0 on c2_0.category_id=p1_0.category_id left join client s1_0 on s1_0.user_id=p1_0.seller_id left join user_roles r2_0 on s1_0.user_id=r2_0.user_id left join role r2_1 on r2_1.role_id=r2_0.role_id where cp1_0.cp_id=?
Hibernate: select c1_0.cart_id,c1_0.total_amount,u1_0.user_id,u1_0.password,r1_0.user_id,r1_1.role_id,r1_1.role,u1_0.username from cart c1_0 left join client u1_0 on u1_0.user_id=c1_0.user_id left join user_roles r1_0 on u1_0.user_id=r1_0.user_id left join role r1_1 on r1_1.role_id=r1_0.role_id where c1_0.user_id=?
Hibernate: select p1_0.category_id,p1_0.product_id,p1_0.price,p1_0.product_name,s1_0.user_id,s1_0.password,s1_0.username from product p1_0 left join client s1_0 on s1_0.user_id=p1_0.seller_id where p1_0.category_id=?
Hibernate: select cp1_0.cart_id,cp1_0.cp_id,p1_0.product_id,c2_0.category_id,c2_0.category_name,p1_0.price,p1_0.product_name,s1_0.user_id,s1_0.password,s1_0.username,cp1_0.quantity from cart_product cp1_0 left join product p1_0 on p1_0.product_id=cp1_0.product_id left join category c2_0 on c2_0.category_id=p1_0.category_id left join client s1_0 on s1_0.user_id=p1_0.seller_id where cp1_0.cart_id=?
Hibernate: select cp1_0.cp_id,c1_0.cart_id,c1_0.total_amount,u1_0.user_id,u1_0.password,r1_0.user_id,r1_1.role_id,r1_1.role,u1_0.username,p1_0.product_id,c2_0.category_id,c2_0.category_name,p1_0.price,p1_0.product_name,s1_0.user_id,s1_0.password,r2_0.user_id,r2_1.role_id,r2_1.role,s1_0.username,cp1_0.quantity from cart_product cp1_0 left join cart c1_0 on c1_0.cart_id=cp1_0.cart_id left join client u1_0 on u1_0.user_id=c1_0.user_id left join user_roles r1_0 on u1_0.user_id=r1_0.user_id left join role r1_1 on r1_1.role_id=r1_0.role_id left join product p1_0 on p1_0.product_id=cp1_0.product_id left join category c2_0 on c2_0.category_id=p1_0.category_id left join client s1_0 on s1_0.user_id=p1_0.seller_id left join user_roles r2_0 on s1_0.user_id=r2_0.user_id left join role r2_1 on r2_1.role_id=r2_0.role_id where cp1_0.cp_id=?
Hibernate: select c1_0.cart_id,c1_0.total_amount,u1_0.user_id,u1_0.password,r1_0.user_id,r1_1.role_id,r1_1.role,u1_0.username from cart c1_0 left join client u1_0 on u1_0.user_id=c1_0.user_id left join user_roles r1_0 on u1_0.user_id=r1_0.user_id left join role r1_1 on r1_1.role_id=r1_0.role_id where c1_0.user_id=?
Hibernate: select p1_0.category_id,p1_0.product_id,p1_0.price,p1_0.product_name,s1_0.user_id,s1_0.password,s1_0.username from product p1_0 left join client s1_0 on s1_0.user_id=p1_0.seller_id where p1_0.category_id=?
Hibernate: select cp1_0.cart_id,cp1_0.cp_id,p1_0.product_id,c2_0.category_id,c2_0.category_name,p1_0.price,p1_0.product_name,s1_0.user_id,s1_0.password,s1_0.username,cp1_0.quantity from cart_product cp1_0 left join product p1_0 on p1_0.product_id=cp1_0.product_id left join category c2_0 on c2_0.category_id=p1_0.category_id left join client s1_0 on s1_0.user_id=p1_0.seller_id where cp1_0.cart_id=?
Hibernate: delete from cart_product where cp_id=?
]]></system-out>
  </testcase>
  <testcase name="checkProductRemovedFromCar" classname="com.fresco.ecommerce.ECommerceApplicationTests" time="0.011">
    <system-out><![CDATA[order 11
Hibernate: select c1_0.cart_id,c1_0.total_amount,u1_0.user_id,u1_0.password,r1_0.user_id,r1_1.role_id,r1_1.role,u1_0.username from cart c1_0 left join client u1_0 on u1_0.user_id=c1_0.user_id left join user_roles r1_0 on u1_0.user_id=r1_0.user_id left join role r1_1 on r1_1.role_id=r1_0.role_id where c1_0.cart_id=?
Hibernate: select cp1_0.cart_id,cp1_0.cp_id,p1_0.product_id,c2_0.category_id,c2_0.category_name,p1_0.price,p1_0.product_name,s1_0.user_id,s1_0.password,s1_0.username,cp1_0.quantity from cart_product cp1_0 left join product p1_0 on p1_0.product_id=cp1_0.product_id left join category c2_0 on c2_0.category_id=p1_0.category_id left join client s1_0 on s1_0.user_id=p1_0.seller_id where cp1_0.cart_id=?
Hibernate: select c1_0.cart_id,c1_0.total_amount,u1_0.user_id,u1_0.password,r1_0.user_id,r1_1.role_id,r1_1.role,u1_0.username from cart c1_0 left join client u1_0 on u1_0.user_id=c1_0.user_id left join user_roles r1_0 on u1_0.user_id=r1_0.user_id left join role r1_1 on r1_1.role_id=r1_0.role_id where c1_0.cart_id=?
Hibernate: select cp1_0.cart_id,cp1_0.cp_id,p1_0.product_id,c2_0.category_id,c2_0.category_name,p1_0.price,p1_0.product_name,s1_0.user_id,s1_0.password,s1_0.username,cp1_0.quantity from cart_product cp1_0 left join product p1_0 on p1_0.product_id=cp1_0.product_id left join category c2_0 on c2_0.category_id=p1_0.category_id left join client s1_0 on s1_0.user_id=p1_0.seller_id where cp1_0.cart_id=?
]]></system-out>
  </testcase>
  <testcase name="addCartProduct" classname="com.fresco.ecommerce.ECommerceApplicationTests" time="0.006">
    <system-out><![CDATA[order 12
]]></system-out>
  </testcase>
  <testcase name="addNewProduct" classname="com.fresco.ecommerce.ECommerceApplicationTests" time="0.041">
    <system-out><![CDATA[order 13
Hibernate: select p1_0.product_id,c1_0.category_id,c1_0.category_name,p1_0.price,p1_0.product_name,s1_0.user_id,s1_0.password,r1_0.user_id,r1_1.role_id,r1_1.role,s1_0.username from product p1_0 left join category c1_0 on c1_0.category_id=p1_0.category_id left join client s1_0 on s1_0.user_id=p1_0.seller_id left join user_roles r1_0 on s1_0.user_id=r1_0.user_id left join role r1_1 on r1_1.role_id=r1_0.role_id where p1_0.product_id=?
Hibernate: select c1_0.cart_id,c1_0.total_amount,u1_0.user_id,u1_0.password,r1_0.user_id,r1_1.role_id,r1_1.role,u1_0.username from cart c1_0 left join client u1_0 on u1_0.user_id=c1_0.user_id left join user_roles r1_0 on u1_0.user_id=r1_0.user_id left join role r1_1 on r1_1.role_id=r1_0.role_id where c1_0.user_id=?
Hibernate: select p1_0.category_id,p1_0.product_id,p1_0.price,p1_0.product_name,s1_0.user_id,s1_0.password,s1_0.username from product p1_0 left join client s1_0 on s1_0.user_id=p1_0.seller_id where p1_0.category_id=?
Hibernate: select cp1_0.cp_id,c1_0.cart_id,c1_0.total_amount,u1_0.user_id,u1_0.password,r1_0.user_id,r1_1.role_id,r1_1.role,u1_0.username,p1_0.product_id,c2_0.category_id,c2_0.category_name,p1_0.price,p1_0.product_name,s1_0.user_id,s1_0.password,s1_0.username,cp1_0.quantity from cart_product cp1_0 left join cart c1_0 on c1_0.cart_id=cp1_0.cart_id left join client u1_0 on u1_0.user_id=c1_0.user_id left join user_roles r1_0 on u1_0.user_id=r1_0.user_id left join role r1_1 on r1_1.role_id=r1_0.role_id left join product p1_0 on p1_0.product_id=cp1_0.product_id left join category c2_0 on c2_0.category_id=p1_0.category_id left join client s1_0 on s1_0.user_id=p1_0.seller_id where cp1_0.cp_id=?
Hibernate: select c1_0.cart_id,c1_0.total_amount,u1_0.user_id,u1_0.password,r1_0.user_id,r1_1.role_id,r1_1.role,u1_0.username from cart c1_0 left join client u1_0 on u1_0.user_id=c1_0.user_id left join user_roles r1_0 on u1_0.user_id=r1_0.user_id left join role r1_1 on r1_1.role_id=r1_0.role_id where c1_0.cart_id=?
Hibernate: select cp1_0.cart_id,cp1_0.cp_id,p1_0.product_id,c2_0.category_id,c2_0.category_name,p1_0.price,p1_0.product_name,s1_0.user_id,s1_0.password,s1_0.username,cp1_0.quantity from cart_product cp1_0 left join product p1_0 on p1_0.product_id=cp1_0.product_id left join category c2_0 on c2_0.category_id=p1_0.category_id left join client s1_0 on s1_0.user_id=p1_0.seller_id where cp1_0.cart_id=?
Hibernate: select p1_0.product_id,c1_0.category_id,c1_0.category_name,p1_0.price,p1_0.product_name,s1_0.user_id,s1_0.password,r1_0.user_id,r1_1.role_id,r1_1.role,s1_0.username from product p1_0 left join category c1_0 on c1_0.category_id=p1_0.category_id left join client s1_0 on s1_0.user_id=p1_0.seller_id left join user_roles r1_0 on s1_0.user_id=r1_0.user_id left join role r1_1 on r1_1.role_id=r1_0.role_id where p1_0.product_id=?
Hibernate: select c1_0.cart_id,c1_0.total_amount,u1_0.user_id,u1_0.password,r1_0.user_id,r1_1.role_id,r1_1.role,u1_0.username from cart c1_0 left join client u1_0 on u1_0.user_id=c1_0.user_id left join user_roles r1_0 on u1_0.user_id=r1_0.user_id left join role r1_1 on r1_1.role_id=r1_0.role_id where c1_0.user_id=?
Hibernate: select p1_0.category_id,p1_0.product_id,p1_0.price,p1_0.product_name,s1_0.user_id,s1_0.password,s1_0.username from product p1_0 left join client s1_0 on s1_0.user_id=p1_0.seller_id where p1_0.category_id=?
Hibernate: select next value for cart_product_seq
Hibernate: insert into cart_product (cart_id,product_id,quantity,cp_id) values (?,?,?,?)
Hibernate: select cp1_0.cp_id,cp1_0.cart_id,cp1_0.product_id,cp1_0.quantity from cart_product cp1_0
Hibernate: select c1_0.cart_id,c1_0.total_amount,u1_0.user_id,u1_0.password,r1_0.user_id,r1_1.role_id,r1_1.role,u1_0.username from cart c1_0 left join client u1_0 on u1_0.user_id=c1_0.user_id left join user_roles r1_0 on u1_0.user_id=r1_0.user_id left join role r1_1 on r1_1.role_id=r1_0.role_id where c1_0.cart_id=?
Hibernate: select p1_0.product_id,c1_0.category_id,c1_0.category_name,p1_0.price,p1_0.product_name,s1_0.user_id,s1_0.password,r1_0.user_id,r1_1.role_id,r1_1.role,s1_0.username from product p1_0 left join category c1_0 on c1_0.category_id=p1_0.category_id left join client s1_0 on s1_0.user_id=p1_0.seller_id left join user_roles r1_0 on s1_0.user_id=r1_0.user_id left join role r1_1 on r1_1.role_id=r1_0.role_id where p1_0.product_id=?
Hibernate: select c1_0.cart_id,c1_0.total_amount,u1_0.user_id,u1_0.password,r1_0.user_id,r1_1.role_id,r1_1.role,u1_0.username from cart c1_0 left join client u1_0 on u1_0.user_id=c1_0.user_id left join user_roles r1_0 on u1_0.user_id=r1_0.user_id left join role r1_1 on r1_1.role_id=r1_0.role_id where c1_0.user_id=?
Hibernate: select p1_0.category_id,p1_0.product_id,p1_0.price,p1_0.product_name,s1_0.user_id,s1_0.password,s1_0.username from product p1_0 left join client s1_0 on s1_0.user_id=p1_0.seller_id where p1_0.category_id=?
Hibernate: select cp1_0.cart_id,cp1_0.cp_id,p1_0.product_id,c2_0.category_id,c2_0.category_name,p1_0.price,p1_0.product_name,s1_0.user_id,s1_0.password,s1_0.username,cp1_0.quantity from cart_product cp1_0 left join product p1_0 on p1_0.product_id=cp1_0.product_id left join category c2_0 on c2_0.category_id=p1_0.category_id left join client s1_0 on s1_0.user_id=p1_0.seller_id where cp1_0.cart_id=?
]]></system-out>
  </testcase>
  <testcase name="checkUserCart" classname="com.fresco.ecommerce.ECommerceApplicationTests" time="0.011">
    <system-out><![CDATA[order 14
Hibernate: select c1_0.cart_id,c1_0.total_amount,u1_0.user_id,u1_0.password,r1_0.user_id,r1_1.role_id,r1_1.role,u1_0.username from cart c1_0 left join client u1_0 on u1_0.user_id=c1_0.user_id left join user_roles r1_0 on u1_0.user_id=r1_0.user_id left join role r1_1 on r1_1.role_id=r1_0.role_id where c1_0.cart_id=?
Hibernate: select cp1_0.cart_id,cp1_0.cp_id,p1_0.product_id,c2_0.category_id,c2_0.category_name,p1_0.price,p1_0.product_name,s1_0.user_id,s1_0.password,s1_0.username,cp1_0.quantity from cart_product cp1_0 left join product p1_0 on p1_0.product_id=cp1_0.product_id left join category c2_0 on c2_0.category_id=p1_0.category_id left join client s1_0 on s1_0.user_id=p1_0.seller_id where cp1_0.cart_id=?
Hibernate: select c1_0.cart_id,c1_0.total_amount,u1_0.user_id,u1_0.password,r1_0.user_id,r1_1.role_id,r1_1.role,u1_0.username from cart c1_0 left join client u1_0 on u1_0.user_id=c1_0.user_id left join user_roles r1_0 on u1_0.user_id=r1_0.user_id left join role r1_1 on r1_1.role_id=r1_0.role_id where c1_0.user_id=?
Hibernate: select r1_0.user_id,r1_1.role_id,r1_1.role from user_roles r1_0 join role r1_1 on r1_1.role_id=r1_0.role_id where r1_0.user_id=?
Hibernate: select p1_0.category_id,p1_0.product_id,p1_0.price,p1_0.product_name,s1_0.user_id,s1_0.password,s1_0.username from product p1_0 left join client s1_0 on s1_0.user_id=p1_0.seller_id where p1_0.category_id=?
]]></system-out>
  </testcase>
  <testcase name="checkUserCartProduct" classname="com.fresco.ecommerce.ECommerceApplicationTests" time="0.01">
    <system-out><![CDATA[order 15
Hibernate: select c1_0.cart_id,c1_0.total_amount,u1_0.user_id,u1_0.password,r1_0.user_id,r1_1.role_id,r1_1.role,u1_0.username from cart c1_0 left join client u1_0 on u1_0.user_id=c1_0.user_id left join user_roles r1_0 on u1_0.user_id=r1_0.user_id left join role r1_1 on r1_1.role_id=r1_0.role_id where c1_0.cart_id=?
Hibernate: select cp1_0.cart_id,cp1_0.cp_id,p1_0.product_id,c2_0.category_id,c2_0.category_name,p1_0.price,p1_0.product_name,s1_0.user_id,s1_0.password,s1_0.username,cp1_0.quantity from cart_product cp1_0 left join product p1_0 on p1_0.product_id=cp1_0.product_id left join category c2_0 on c2_0.category_id=p1_0.category_id left join client s1_0 on s1_0.user_id=p1_0.seller_id where cp1_0.cart_id=?
Hibernate: select c1_0.cart_id,c1_0.total_amount,u1_0.user_id,u1_0.password,r1_0.user_id,r1_1.role_id,r1_1.role,u1_0.username from cart c1_0 left join client u1_0 on u1_0.user_id=c1_0.user_id left join user_roles r1_0 on u1_0.user_id=r1_0.user_id left join role r1_1 on r1_1.role_id=r1_0.role_id where c1_0.user_id=?
Hibernate: select r1_0.user_id,r1_1.role_id,r1_1.role from user_roles r1_0 join role r1_1 on r1_1.role_id=r1_0.role_id where r1_0.user_id=?
Hibernate: select p1_0.category_id,p1_0.product_id,p1_0.price,p1_0.product_name,s1_0.user_id,s1_0.password,s1_0.username from product p1_0 left join client s1_0 on s1_0.user_id=p1_0.seller_id where p1_0.category_id=?
]]></system-out>
  </testcase>
</testsuite>